<?xml version="1.0" encoding="UTF-8"?>
<!-- Generated by org.testng.reporters.JUnitXMLReporter -->
<testsuite ignored="0" hostname="SRINIVAS-G2005" failures="1" tests="3" name="Default test" time="17.536" errors="0" timestamp="2025-07-09T14:54:37 IST">
  <testcase classname="flipkartEcommers.HandlingScreenShots" name="captureFullPage" time="0.936"/>
  <testcase classname="flipkartEcommers.HandlingScreenShots" name="captureSpecificPlace" time="10.07">
    <failure type="org.openqa.selenium.NoSuchElementException" message="no such element: Unable to locate element: {&amp;quot;method&amp;quot;:&amp;quot;xpath&amp;quot;,&amp;quot;selector&amp;quot;:&amp;quot;//body/div[@id=&amp;apos;container&amp;apos;]/div/div[@class=&amp;apos;q8WwEU&amp;apos;]/div[@class=&amp;apos;_3zsGrb&amp;apos;]/div[@class=&amp;apos;_2-LWwB&amp;apos;]/div/div[@class=&amp;apos;css-175oi2r&amp;apos;]/div[@class=&amp;apos;css-175oi2r&amp;apos;]/div[@class=&amp;apos;css-175oi2r r-13awgt0 r-1iqfa7g r-60vfwk&amp;apos;]/div[@class=&amp;apos;css-175oi2r r-13awgt0 r-1iqfa7g r-60vfwk&amp;apos;]/div[@class=&amp;apos;_1ui5b4&amp;apos;]/div[@class=&amp;apos;yAlKeh&amp;apos;]/div[@class=&amp;apos;_2L0uxW&amp;apos;]/div[@class=&amp;apos;_3116_u&amp;apos;]/div[6]/div[1]/div[1]/div[1]/div[1]/div[1]/div[1]/div[1]/div[1]&amp;quot;}
  (Session info: chrome=137.0.7151.120)
For documentation on this error, please visit: https://www.selenium.dev/documentation/webdriver/troubleshooting/errors#no-such-element-exception
Build info: version: &amp;apos;4.29.0&amp;apos;, revision: &amp;apos;5fc1ec94cb&amp;apos;
System info: os.name: &amp;apos;Windows 11&amp;apos;, os.arch: &amp;apos;amd64&amp;apos;, os.version: &amp;apos;10.0&amp;apos;, java.version: &amp;apos;21&amp;apos;
Driver info: org.openqa.selenium.chrome.ChromeDriver
Command: [2483c7a27fcafd99180d75bdf9059a08, findElement {value=//body/div[@id=&amp;apos;container&amp;apos;]/div/div[@class=&amp;apos;q8WwEU&amp;apos;]/div[@class=&amp;apos;_3zsGrb&amp;apos;]/div[@class=&amp;apos;_2-LWwB&amp;apos;]/div/div[@class=&amp;apos;css-175oi2r&amp;apos;]/div[@class=&amp;apos;css-175oi2r&amp;apos;]/div[@class=&amp;apos;css-175oi2r r-13awgt0 r-1iqfa7g r-60vfwk&amp;apos;]/div[@class=&amp;apos;css-175oi2r r-13awgt0 r-1iqfa7g r-60vfwk&amp;apos;]/div[@class=&amp;apos;_1ui5b4&amp;apos;]/div[@class=&amp;apos;yAlKeh&amp;apos;]/div[@class=&amp;apos;_2L0uxW&amp;apos;]/div[@class=&amp;apos;_3116_u&amp;apos;]/div[6]/div[1]/div[1]/div[1]/div[1]/div[1]/div[1]/div[1]/div[1], using=xpath}]
Capabilities {acceptInsecureCerts: false, browserName: chrome, browserVersion: 137.0.7151.120, chrome: {chromedriverVersion: 137.0.7151.119 (e0ac9d12dff..., userDataDir: C:\Users\ASUS\AppData\Local...}, fedcm:accounts: true, goog:chromeOptions: {debuggerAddress: localhost:54418}, networkConnectionEnabled: false, pageLoadStrategy: normal, platformName: windows, proxy: Proxy(), se:cdp: ws://localhost:54418/devtoo..., se:cdpVersion: 137.0.7151.120, setWindowRect: true, strictFileInteractability: false, timeouts: {implicit: 0, pageLoad: 300000, script: 30000}, unhandledPromptBehavior: dismiss and notify, webauthn:extension:credBlob: true, webauthn:extension:largeBlob: true, webauthn:extension:minPinLength: true, webauthn:extension:prf: true, webauthn:virtualAuthenticators: true}
Session ID: 2483c7a27fcafd99180d75bdf9059a08">
      <![CDATA[org.openqa.selenium.NoSuchElementException: no such element: Unable to locate element: {"method":"xpath","selector":"//body/div[@id='container']/div/div[@class='q8WwEU']/div[@class='_3zsGrb']/div[@class='_2-LWwB']/div/div[@class='css-175oi2r']/div[@class='css-175oi2r']/div[@class='css-175oi2r r-13awgt0 r-1iqfa7g r-60vfwk']/div[@class='css-175oi2r r-13awgt0 r-1iqfa7g r-60vfwk']/div[@class='_1ui5b4']/div[@class='yAlKeh']/div[@class='_2L0uxW']/div[@class='_3116_u']/div[6]/div[1]/div[1]/div[1]/div[1]/div[1]/div[1]/div[1]/div[1]"}
  (Session info: chrome=137.0.7151.120)
For documentation on this error, please visit: https://www.selenium.dev/documentation/webdriver/troubleshooting/errors#no-such-element-exception
Build info: version: '4.29.0', revision: '5fc1ec94cb'
System info: os.name: 'Windows 11', os.arch: 'amd64', os.version: '10.0', java.version: '21'
Driver info: org.openqa.selenium.chrome.ChromeDriver
Command: [2483c7a27fcafd99180d75bdf9059a08, findElement {value=//body/div[@id='container']/div/div[@class='q8WwEU']/div[@class='_3zsGrb']/div[@class='_2-LWwB']/div/div[@class='css-175oi2r']/div[@class='css-175oi2r']/div[@class='css-175oi2r r-13awgt0 r-1iqfa7g r-60vfwk']/div[@class='css-175oi2r r-13awgt0 r-1iqfa7g r-60vfwk']/div[@class='_1ui5b4']/div[@class='yAlKeh']/div[@class='_2L0uxW']/div[@class='_3116_u']/div[6]/div[1]/div[1]/div[1]/div[1]/div[1]/div[1]/div[1]/div[1], using=xpath}]
Capabilities {acceptInsecureCerts: false, browserName: chrome, browserVersion: 137.0.7151.120, chrome: {chromedriverVersion: 137.0.7151.119 (e0ac9d12dff..., userDataDir: C:\Users\ASUS\AppData\Local...}, fedcm:accounts: true, goog:chromeOptions: {debuggerAddress: localhost:54418}, networkConnectionEnabled: false, pageLoadStrategy: normal, platformName: windows, proxy: Proxy(), se:cdp: ws://localhost:54418/devtoo..., se:cdpVersion: 137.0.7151.120, setWindowRect: true, strictFileInteractability: false, timeouts: {implicit: 0, pageLoad: 300000, script: 30000}, unhandledPromptBehavior: dismiss and notify, webauthn:extension:credBlob: true, webauthn:extension:largeBlob: true, webauthn:extension:minPinLength: true, webauthn:extension:prf: true, webauthn:virtualAuthenticators: true}
Session ID: 2483c7a27fcafd99180d75bdf9059a08
at java.base/jdk.internal.reflect.DirectConstructorHandleAccessor.newInstance(DirectConstructorHandleAccessor.java:62)
at java.base/java.lang.reflect.Constructor.newInstanceWithCaller(Constructor.java:502)
at java.base/java.lang.reflect.Constructor.newInstance(Constructor.java:486)
at org.openqa.selenium.remote.ErrorCodec.decode(ErrorCodec.java:167)
at org.openqa.selenium.remote.codec.w3c.W3CHttpResponseCodec.decode(W3CHttpResponseCodec.java:138)
at org.openqa.selenium.remote.codec.w3c.W3CHttpResponseCodec.decode(W3CHttpResponseCodec.java:50)
at org.openqa.selenium.remote.HttpCommandExecutor.execute(HttpCommandExecutor.java:215)
at org.openqa.selenium.remote.service.DriverCommandExecutor.invokeExecute(DriverCommandExecutor.java:216)
at org.openqa.selenium.remote.service.DriverCommandExecutor.execute(DriverCommandExecutor.java:174)
at org.openqa.selenium.remote.RemoteWebDriver.execute(RemoteWebDriver.java:545)
at org.openqa.selenium.remote.ElementLocation$ElementFinder$2.findElement(ElementLocation.java:165)
at org.openqa.selenium.remote.ElementLocation.findElement(ElementLocation.java:59)
at org.openqa.selenium.remote.RemoteWebDriver.findElement(RemoteWebDriver.java:368)
at org.openqa.selenium.remote.RemoteWebDriver.findElement(RemoteWebDriver.java:362)
at flipkartEcommers.HandlingScreenShots.captureSpecificPlace(HandlingScreenShots.java:42)
at java.base/jdk.internal.reflect.DirectMethodHandleAccessor.invoke(DirectMethodHandleAccessor.java:103)
at java.base/java.lang.reflect.Method.invoke(Method.java:580)
at org.testng.internal.invokers.MethodInvocationHelper.invokeMethod(MethodInvocationHelper.java:141)
at org.testng.internal.invokers.TestInvoker.invokeMethod(TestInvoker.java:686)
at org.testng.internal.invokers.TestInvoker.invokeTestMethod(TestInvoker.java:230)
at org.testng.internal.invokers.MethodRunner.runInSequence(MethodRunner.java:63)
at org.testng.internal.invokers.TestInvoker$MethodInvocationAgent.invoke(TestInvoker.java:992)
at org.testng.internal.invokers.TestInvoker.invokeTestMethods(TestInvoker.java:203)
at org.testng.internal.invokers.TestMethodWorker.invokeTestMethods(TestMethodWorker.java:154)
at org.testng.internal.invokers.TestMethodWorker.run(TestMethodWorker.java:134)
at java.base/java.util.ArrayList.forEach(ArrayList.java:1596)
at org.testng.TestRunner.privateRun(TestRunner.java:739)
at org.testng.TestRunner.run(TestRunner.java:614)
at org.testng.SuiteRunner.runTest(SuiteRunner.java:421)
at org.testng.SuiteRunner.runSequentially(SuiteRunner.java:413)
at org.testng.SuiteRunner.privateRun(SuiteRunner.java:373)
at org.testng.SuiteRunner.run(SuiteRunner.java:312)
at org.testng.SuiteRunnerWorker.runSuite(SuiteRunnerWorker.java:52)
at org.testng.SuiteRunnerWorker.run(SuiteRunnerWorker.java:95)
at org.testng.TestNG.runSuitesSequentially(TestNG.java:1274)
at org.testng.TestNG.runSuitesLocally(TestNG.java:1208)
at org.testng.TestNG.runSuites(TestNG.java:1112)
at org.testng.TestNG.run(TestNG.java:1079)
at org.testng.remote.AbstractRemoteTestNG.run(AbstractRemoteTestNG.java:115)
at org.testng.remote.RemoteTestNG.initAndRun(RemoteTestNG.java:293)
at org.testng.remote.RemoteTestNG.main(RemoteTestNG.java:91)
]]>
    </failure>
  </testcase> <!-- captureSpecificPlace -->
  <testcase classname="flipkartEcommers.HandlingScreenShots" name="captureWebElement" time="0.201"/>
</testsuite> <!-- Default test -->
