<?xml version="1.0" encoding="UTF-8"?>
<!-- Generated by org.testng.reporters.JUnitReportReporter -->
<testsuite hostname="SRINIVAS-G2005" failures="0" tests="3" name="flipkartEcommers.HandlingScreenShots" time="11.207" errors="1" timestamp="2025-07-09T14:54:37 IST" skipped="0">
  <testcase classname="flipkartEcommers.HandlingScreenShots" name="captureFullPage" time="0.936"/>
  <testcase classname="flipkartEcommers.HandlingScreenShots" name="captureSpecificPlace" time="10.070">
    <error message="no such element: Unable to locate element: {&quot;method&quot;:&quot;xpath&quot;,&quot;selector&quot;:&quot;//body/div[@id=&#039;container&#039;]/div/div[@class=&#039;q8WwEU&#039;]/div[@class=&#039;_3zsGrb&#039;]/div[@class=&#039;_2-LWwB&#039;]/div/div[@class=&#039;css-175oi2r&#039;]/div[@class=&#039;css-175oi2r&#039;]/div[@class=&#039;css-175oi2r r-13awgt0 r-1iqfa7g r-60vfwk&#039;]/div[@class=&#039;css-175oi2r r-13awgt0 r-1iqfa7g r-60vfwk&#039;]/div[@class=&#039;_1ui5b4&#039;]/div[@class=&#039;yAlKeh&#039;]/div[@class=&#039;_2L0uxW&#039;]/div[@class=&#039;_3116_u&#039;]/div[6]/div[1]/div[1]/div[1]/div[1]/div[1]/div[1]/div[1]/div[1]&quot;}
  (Session info: chrome=137.0.7151.120)
For documentation on this error, please visit: https://www.selenium.dev/documentation/webdriver/troubleshooting/errors#no-such-element-exception
Build info: version: &#039;4.29.0&#039;, revision: &#039;5fc1ec94cb&#039;
System info: os.name: &#039;Windows 11&#039;, os.arch: &#039;amd64&#039;, os.version: &#039;10.0&#039;, java.version: &#039;21&#039;
Driver info: org.openqa.selenium.chrome.ChromeDriver
Command: [2483c7a27fcafd99180d75bdf9059a08, findElement {value=//body/div[@id=&#039;container&#039;]/div/div[@class=&#039;q8WwEU&#039;]/div[@class=&#039;_3zsGrb&#039;]/div[@class=&#039;_2-LWwB&#039;]/div/div[@class=&#039;css-175oi2r&#039;]/div[@class=&#039;css-175oi2r&#039;]/div[@class=&#039;css-175oi2r r-13awgt0 r-1iqfa7g r-60vfwk&#039;]/div[@class=&#039;css-175oi2r r-13awgt0 r-1iqfa7g r-60vfwk&#039;]/div[@class=&#039;_1ui5b4&#039;]/div[@class=&#039;yAlKeh&#039;]/div[@class=&#039;_2L0uxW&#039;]/div[@class=&#039;_3116_u&#039;]/div[6]/div[1]/div[1]/div[1]/div[1]/div[1]/div[1]/div[1]/div[1], using=xpath}]
Capabilities {acceptInsecureCerts: false, browserName: chrome, browserVersion: 137.0.7151.120, chrome: {chromedriverVersion: 137.0.7151.119 (e0ac9d12dff..., userDataDir: C:\Users\ASUS\AppData\Local...}, fedcm:accounts: true, goog:chromeOptions: {debuggerAddress: localhost:54418}, networkConnectionEnabled: false, pageLoadStrategy: normal, platformName: windows, proxy: Proxy(), se:cdp: ws://localhost:54418/devtoo..., se:cdpVersion: 137.0.7151.120, setWindowRect: true, strictFileInteractability: false, timeouts: {implicit: 0, pageLoad: 300000, script: 30000}, unhandledPromptBehavior: dismiss and notify, webauthn:extension:credBlob: true, webauthn:extension:largeBlob: true, webauthn:extension:minPinLength: true, webauthn:extension:prf: true, webauthn:virtualAuthenticators: true}
Session ID: 2483c7a27fcafd99180d75bdf9059a08" type="org.openqa.selenium.NoSuchElementException">
      <![CDATA[org.openqa.selenium.NoSuchElementException: no such element: Unable to locate element: {"method":"xpath","selector":"//body/div[@id='container']/div/div[@class='q8WwEU']/div[@class='_3zsGrb']/div[@class='_2-LWwB']/div/div[@class='css-175oi2r']/div[@class='css-175oi2r']/div[@class='css-175oi2r r-13awgt0 r-1iqfa7g r-60vfwk']/div[@class='css-175oi2r r-13awgt0 r-1iqfa7g r-60vfwk']/div[@class='_1ui5b4']/div[@class='yAlKeh']/div[@class='_2L0uxW']/div[@class='_3116_u']/div[6]/div[1]/div[1]/div[1]/div[1]/div[1]/div[1]/div[1]/div[1]"}
  (Session info: chrome=137.0.7151.120)
For documentation on this error, please visit: https://www.selenium.dev/documentation/webdriver/troubleshooting/errors#no-such-element-exception
Build info: version: '4.29.0', revision: '5fc1ec94cb'
System info: os.name: 'Windows 11', os.arch: 'amd64', os.version: '10.0', java.version: '21'
Driver info: org.openqa.selenium.chrome.ChromeDriver
Command: [2483c7a27fcafd99180d75bdf9059a08, findElement {value=//body/div[@id='container']/div/div[@class='q8WwEU']/div[@class='_3zsGrb']/div[@class='_2-LWwB']/div/div[@class='css-175oi2r']/div[@class='css-175oi2r']/div[@class='css-175oi2r r-13awgt0 r-1iqfa7g r-60vfwk']/div[@class='css-175oi2r r-13awgt0 r-1iqfa7g r-60vfwk']/div[@class='_1ui5b4']/div[@class='yAlKeh']/div[@class='_2L0uxW']/div[@class='_3116_u']/div[6]/div[1]/div[1]/div[1]/div[1]/div[1]/div[1]/div[1]/div[1], using=xpath}]
Capabilities {acceptInsecureCerts: false, browserName: chrome, browserVersion: 137.0.7151.120, chrome: {chromedriverVersion: 137.0.7151.119 (e0ac9d12dff..., userDataDir: C:\Users\ASUS\AppData\Local...}, fedcm:accounts: true, goog:chromeOptions: {debuggerAddress: localhost:54418}, networkConnectionEnabled: false, pageLoadStrategy: normal, platformName: windows, proxy: Proxy(), se:cdp: ws://localhost:54418/devtoo..., se:cdpVersion: 137.0.7151.120, setWindowRect: true, strictFileInteractability: false, timeouts: {implicit: 0, pageLoad: 300000, script: 30000}, unhandledPromptBehavior: dismiss and notify, webauthn:extension:credBlob: true, webauthn:extension:largeBlob: true, webauthn:extension:minPinLength: true, webauthn:extension:prf: true, webauthn:virtualAuthenticators: true}
Session ID: 2483c7a27fcafd99180d75bdf9059a08
at java.base/jdk.internal.reflect.DirectConstructorHandleAccessor.newInstance(DirectConstructorHandleAccessor.java:62)
at java.base/java.lang.reflect.Constructor.newInstanceWithCaller(Constructor.java:502)
at java.base/java.lang.reflect.Constructor.newInstance(Constructor.java:486)
at org.openqa.selenium.remote.ErrorCodec.decode(ErrorCodec.java:167)
at org.openqa.selenium.remote.codec.w3c.W3CHttpResponseCodec.decode(W3CHttpResponseCodec.java:138)
at org.openqa.selenium.remote.codec.w3c.W3CHttpResponseCodec.decode(W3CHttpResponseCodec.java:50)
at org.openqa.selenium.remote.HttpCommandExecutor.execute(HttpCommandExecutor.java:215)
at org.openqa.selenium.remote.service.DriverCommandExecutor.invokeExecute(DriverCommandExecutor.java:216)
at org.openqa.selenium.remote.service.DriverCommandExecutor.execute(DriverCommandExecutor.java:174)
at org.openqa.selenium.remote.RemoteWebDriver.execute(RemoteWebDriver.java:545)
at org.openqa.selenium.remote.ElementLocation$ElementFinder$2.findElement(ElementLocation.java:165)
at org.openqa.selenium.remote.ElementLocation.findElement(ElementLocation.java:59)
at org.openqa.selenium.remote.RemoteWebDriver.findElement(RemoteWebDriver.java:368)
at org.openqa.selenium.remote.RemoteWebDriver.findElement(RemoteWebDriver.java:362)
at flipkartEcommers.HandlingScreenShots.captureSpecificPlace(HandlingScreenShots.java:42)
at java.base/jdk.internal.reflect.DirectMethodHandleAccessor.invoke(DirectMethodHandleAccessor.java:103)
at java.base/java.lang.reflect.Method.invoke(Method.java:580)
at org.testng.internal.invokers.MethodInvocationHelper.invokeMethod(MethodInvocationHelper.java:141)
at org.testng.internal.invokers.TestInvoker.invokeMethod(TestInvoker.java:686)
at org.testng.internal.invokers.TestInvoker.invokeTestMethod(TestInvoker.java:230)
at org.testng.internal.invokers.MethodRunner.runInSequence(MethodRunner.java:63)
at org.testng.internal.invokers.TestInvoker$MethodInvocationAgent.invoke(TestInvoker.java:992)
at org.testng.internal.invokers.TestInvoker.invokeTestMethods(TestInvoker.java:203)
at org.testng.internal.invokers.TestMethodWorker.invokeTestMethods(TestMethodWorker.java:154)
at org.testng.internal.invokers.TestMethodWorker.run(TestMethodWorker.java:134)
at java.base/java.util.ArrayList.forEach(ArrayList.java:1596)
at org.testng.TestRunner.privateRun(TestRunner.java:739)
at org.testng.TestRunner.run(TestRunner.java:614)
at org.testng.SuiteRunner.runTest(SuiteRunner.java:421)
at org.testng.SuiteRunner.runSequentially(SuiteRunner.java:413)
at org.testng.SuiteRunner.privateRun(SuiteRunner.java:373)
at org.testng.SuiteRunner.run(SuiteRunner.java:312)
at org.testng.SuiteRunnerWorker.runSuite(SuiteRunnerWorker.java:52)
at org.testng.SuiteRunnerWorker.run(SuiteRunnerWorker.java:95)
at org.testng.TestNG.runSuitesSequentially(TestNG.java:1274)
at org.testng.TestNG.runSuitesLocally(TestNG.java:1208)
at org.testng.TestNG.runSuites(TestNG.java:1112)
at org.testng.TestNG.run(TestNG.java:1079)
at org.testng.remote.AbstractRemoteTestNG.run(AbstractRemoteTestNG.java:115)
at org.testng.remote.RemoteTestNG.initAndRun(RemoteTestNG.java:293)
at org.testng.remote.RemoteTestNG.main(RemoteTestNG.java:91)
]]>
    </error>
  </testcase> <!-- captureSpecificPlace -->
  <testcase classname="flipkartEcommers.HandlingScreenShots" name="captureWebElement" time="0.201"/>
</testsuite> <!-- flipkartEcommers.HandlingScreenShots -->
